<?xml version="1.0" encoding="UTF-8"?>
<!-- Generated by org.testng.reporters.JUnitXMLReporter -->
<testsuite ignored="0" hostname="DESKTOP-BNUAC03" failures="1" tests="4" name="Test" time="0.072" errors="0" timestamp="2024-03-17T17:59:17 IST">
  <testcase classname="TestNg.Banking" name="axisBank" time="0.01"/>
  <testcase classname="TestNg.Banking" name="icicBank" time="0.001"/>
  <testcase classname="TestNg.Banking" name="kotakBank" time="0.009">
    <failure type="java.lang.AssertionError" message="expected [true] but found [false]">
      <![CDATA[java.lang.AssertionError: expected [true] but found [false]
at TestNg.Banking.kotakBank(Banking.java:30)
at java.base/java.util.ArrayList.forEach(ArrayList.java:1511)
... Removed 31 stack frames]]>
    </failure>
  </testcase> <!-- kotakBank -->
  <testcase classname="TestNg.Banking" name="sbiBank" time="0.001"/>
</testsuite> <!-- Test -->
