<?xml version="1.0" encoding="UTF-8"?>
<!-- Generated by org.testng.reporters.JUnitXMLReporter -->
<testsuite ignored="1" hostname="DESKTOP-BNUAC03" failures="0" tests="2" name="Login" time="0.01" errors="0" timestamp="2024-03-18T19:21:49 IST">
  <testcase classname="TestNg.Login" name="LoginAPI" time="0.002"/>
  <testcase classname="TestNg.Login" name="WebLogin" time="0.002"/>
  <testcase classname="TestNg.Login" name="MobileLogin" time="0.0">
    <ignored/>
  </testcase> <!-- MobileLogin -->
</testsuite> <!-- Login -->
