<?xml version="1.0" encoding="UTF-8"?>
<!-- Generated by org.testng.reporters.JUnitXMLReporter -->
<testsuite ignored="0" hostname="DESKTOP-BNUAC03" failures="0" tests="5" name="PersonalLoan" time="0.083" errors="0" timestamp="2024-03-18T19:21:49 IST">
  <testcase classname="TestNg.BankLoan" name="axisBank" time="0.013"/>
  <testcase classname="TestNg.BankLoan" name="kotakBank" time="0.002"/>
  <testcase classname="TestNg.Loan" name="CarLoan" time="0.002"/>
  <testcase classname="TestNg.Loan" name="GoldLoan" time="0.002"/>
  <testcase classname="TestNg.Loan" name="HomeLoan" time="0.003"/>
</testsuite> <!-- PersonalLoan -->
